[04:03:56] [INIT] KubeJS 2001.6.5-build.16; MC 2001 forge
[04:03:56] [INIT] Loaded plugins:
[04:03:56] [INIT] - dev.latvian.mods.kubejs.forge.BuiltinKubeJSForgePlugin
[04:03:56] [INIT] - dev.ftb.mods.ftbxmodcompat.ftbquests.kubejs.KubeJSIntegration
[04:03:56] [INIT] - dev.ftb.mods.ftbxmodcompat.ftbchunks.kubejs.FTBChunksKubeJSPlugin
[04:03:56] [INIT] - dev.ftb.mods.ftbxmodcompat.ftbteams.kubejs.FTBTeamsKubeJSPlugin
[04:03:56] [INIT] - com.tom.createores.kubejs.KubeJSExcavation
[04:03:56] [INIT] - com.almostreliable.morejs.Plugin
[04:03:56] [INIT] - com.blakebr0.cucumber.compat.kubejs.CucumberKubeJSPlugin
[04:03:56] [INIT] - com.almostreliable.ponderjs.PonderJSPlugin
[04:03:57] [INFO] read_json_from_mod.js#5: Loaded Java class 'net.minecraftforge.resource.ResourcePackLoader'
[04:03:57] [INFO] read_json_from_mod.js#8: Loaded Java class 'java.util.stream.Collectors'
[04:03:57] [INFO] read_json_from_mod.js#9: Loaded Java class 'net.minecraft.server.packs.repository.ServerPacksSource'
[04:03:57] [INFO] read_json_from_mod.js#10: Loaded Java class 'net.minecraft.server.packs.resources.FallbackResourceManager'
[04:03:57] [INFO] Loaded script startup_scripts:read_json_from_mod.js in 0.212 s
[04:03:57] [INFO] Loaded script startup_scripts:settings.js in 0.011 s
[04:03:57] [INFO] mekanismStartup.js#18: Loaded Java class 'mekanism.api.chemical.slurry.Slurry'
[04:03:57] [INFO] mekanismStartup.js#19: Loaded Java class 'mekanism.api.chemical.slurry.SlurryBuilder'
[04:03:57] [INFO] mekanismStartup.js#20: Loaded Java class 'mekanism.api.chemical.gas.Gas'
[04:03:57] [INFO] mekanismStartup.js#21: Loaded Java class 'mekanism.api.chemical.gas.GasBuilder'
[04:03:57] [INFO] Loaded script startup_scripts:mekanismStartup.js in 0.02 s
[04:03:57] [INFO] Loaded script startup_scripts:custom_additions.js in 0.002 s
[04:03:57] [INFO] mysticalagriculture.js#4: Loaded Java class 'com.blakebr0.mysticalagriculture.api.MysticalAgricultureAPI'
[04:03:57] [INFO] Loaded script startup_scripts:mysticalagriculture.js in 0.01 s
[04:03:57] [INFO] farmingForBlockheads.js#11: Loaded Java class 'net.blay09.mods.farmingforblockheads.api.FarmingForBlockheadsAPI'
[04:03:57] [INFO] Loaded script startup_scripts:farmingForBlockheads.js in 0.005 s
[04:03:57] [INFO] Loaded script startup_scripts:AE2/Universal_Press.js in 0.001 s
[04:03:57] [INFO] Loaded script startup_scripts:worldgen.js in 0.001 s
[04:03:57] [INFO] Loaded 8/8 KubeJS startup scripts in 0.746 s with 0 errors and 0 warnings
